<?xml version="1.0" encoding="UTF-8"?>
<!-- Generated by org.testng.reporters.JUnitReportReporter -->
<testsuite hostname="sqe-IdeaPad-5-15ITL05" failures="0" tests="51" name="com.ComCate.TestCases.CCP" time="108.780" errors="0" timestamp="2022-04-05T17:18:08 IST" skipped="0">
  <testcase classname="com.ComCate.TestCases.CCP" name="PreRequisite" time="14.527"/>
  <system-out/>
  <testcase classname="com.ComCate.TestCases.CCP" name="TC_CCP_01" time="2.124"/>
  <system-out/>
  <testcase classname="com.ComCate.TestCases.CCP" name="TC_CCP_02" time="0.027"/>
  <system-out/>
  <testcase classname="com.ComCate.TestCases.CCP" name="TC_CCP_03" time="4.287"/>
  <system-out/>
  <testcase classname="com.ComCate.TestCases.CCP" name="TC_CCP_04" time="3.092"/>
  <system-out/>
  <testcase classname="com.ComCate.TestCases.CCP" name="TC_CCP_06" time="3.510"/>
  <system-out/>
  <testcase classname="com.ComCate.TestCases.CCP" name="TC_CCP_07" time="2.149"/>
  <system-out/>
  <testcase classname="com.ComCate.TestCases.CCP" name="TC_CCP_08" time="0.321"/>
  <system-out/>
  <testcase classname="com.ComCate.TestCases.CCP" name="TC_CCP_09" time="1.573"/>
  <system-out/>
  <testcase classname="com.ComCate.TestCases.CCP" name="TC_CCP_10" time="1.706"/>
  <system-out/>
  <testcase classname="com.ComCate.TestCases.CCP" name="TC_CCP_11" time="2.207"/>
  <system-out/>
  <testcase classname="com.ComCate.TestCases.CCP" name="TC_CCP_12" time="1.305"/>
  <system-out/>
  <testcase classname="com.ComCate.TestCases.CCP" name="TC_CCP_13" time="2.337"/>
  <system-out/>
  <testcase classname="com.ComCate.TestCases.CCP" name="TC_CCP_14" time="1.152"/>
  <system-out/>
  <testcase classname="com.ComCate.TestCases.CCP" name="TC_CCP_15" time="2.293"/>
  <system-out/>
  <testcase classname="com.ComCate.TestCases.CCP" name="TC_CCP_16" time="0.132"/>
  <system-out/>
  <testcase classname="com.ComCate.TestCases.CCP" name="TC_CCP_17" time="1.050"/>
  <system-out/>
  <testcase classname="com.ComCate.TestCases.CCP" name="TC_CCP_18" time="0.155"/>
  <system-out/>
  <testcase classname="com.ComCate.TestCases.CCP" name="TC_CCP_19" time="0.131"/>
  <system-out/>
  <testcase classname="com.ComCate.TestCases.CCP" name="TC_CCP_20" time="0.097"/>
  <system-out/>
  <testcase classname="com.ComCate.TestCases.CCP" name="TC_CCP_21" time="0.229"/>
  <system-out/>
  <testcase classname="com.ComCate.TestCases.CCP" name="TC_CCP_22" time="0.279"/>
  <system-out/>
  <testcase classname="com.ComCate.TestCases.CCP" name="TC_CCP_23" time="0.175"/>
  <system-out/>
  <testcase classname="com.ComCate.TestCases.CCP" name="TC_CCP_24" time="0.090"/>
  <system-out/>
  <testcase classname="com.ComCate.TestCases.CCP" name="TC_CCP_25" time="0.202"/>
  <system-out/>
  <testcase classname="com.ComCate.TestCases.CCP" name="TC_CCP_26" time="1.472"/>
  <system-out/>
  <testcase classname="com.ComCate.TestCases.CCP" name="TC_CCP_27" time="0.034"/>
  <system-out/>
  <testcase classname="com.ComCate.TestCases.CCP" name="TC_CCP_28" time="0.144"/>
  <system-out/>
  <testcase classname="com.ComCate.TestCases.CCP" name="TC_CCP_29" time="5.167"/>
  <system-out/>
  <testcase classname="com.ComCate.TestCases.CCP" name="TC_CCP_30" time="3.431"/>
  <system-out/>
  <testcase classname="com.ComCate.TestCases.CCP" name="TC_CCP_34" time="2.080"/>
  <system-out/>
  <testcase classname="com.ComCate.TestCases.CCP" name="TC_CCP_35" time="3.165"/>
  <system-out/>
  <testcase classname="com.ComCate.TestCases.CCP" name="TC_CCP_36" time="2.120"/>
  <system-out/>
  <testcase classname="com.ComCate.TestCases.CCP" name="TC_CCP_37" time="2.786"/>
  <system-out/>
  <testcase classname="com.ComCate.TestCases.CCP" name="TC_CCP_38" time="0.091"/>
  <system-out/>
  <testcase classname="com.ComCate.TestCases.CCP" name="TC_CCP_39" time="2.130"/>
  <system-out/>
  <testcase classname="com.ComCate.TestCases.CCP" name="TC_CCP_40" time="9.731"/>
  <system-out/>
  <testcase classname="com.ComCate.TestCases.CCP" name="TC_CCP_42" time="1.494"/>
  <system-out/>
  <testcase classname="com.ComCate.TestCases.CCP" name="TC_CCP_43" time="0.214"/>
  <system-out/>
  <testcase classname="com.ComCate.TestCases.CCP" name="TC_CCP_44" time="0.042"/>
  <system-out/>
  <testcase classname="com.ComCate.TestCases.CCP" name="TC_CCP_46" time="0.151"/>
  <system-out/>
  <testcase classname="com.ComCate.TestCases.CCP" name="TC_CCP_47" time="3.165"/>
  <system-out/>
  <testcase classname="com.ComCate.TestCases.CCP" name="TC_CCP_48" time="2.151"/>
  <system-out/>
  <testcase classname="com.ComCate.TestCases.CCP" name="TC_CCP_49" time="5.131"/>
  <system-out/>
  <testcase classname="com.ComCate.TestCases.CCP" name="TC_CCP_50" time="3.806"/>
  <system-out/>
  <testcase classname="com.ComCate.TestCases.CCP" name="TC_CCP_51" time="0.668"/>
  <system-out/>
  <testcase classname="com.ComCate.TestCases.CCP" name="TC_CCP_52" time="6.740"/>
  <system-out/>
  <testcase classname="com.ComCate.TestCases.CCP" name="TC_CCP_53" time="1.744"/>
  <system-out/>
  <testcase classname="com.ComCate.TestCases.CCP" name="TC_CCP_54" time="0.386"/>
  <system-out/>
  <testcase classname="com.ComCate.TestCases.CCP" name="TC_CCP_55" time="3.527"/>
  <system-out/>
  <testcase classname="com.ComCate.TestCases.CCP" name="TC_CCP_56" time="2.060"/>
  <system-out/>
</testsuite> <!-- com.ComCate.TestCases.CCP -->
